{"/home/dina/projects/spotifyradio/server/config.js": {"path":"/home/dina/projects/spotifyradio/server/config.js","statementMap":{"0":{"start":{"line":3,"column":19},"end":{"line":3,"column":58}},"1":{"start":{"line":4,"column":13},"end":{"line":4,"column":36}},"2":{"start":{"line":5,"column":23},"end":{"line":5,"column":42}},"3":{"start":{"line":6,"column":24},"end":{"line":6,"column":44}}},"fnMap":{},"branchMap":{"0":{"loc":{"start":{"line":9,"column":8},"end":{"line":9,"column":32}},"type":"binary-expr","locations":[{"start":{"line":9,"column":8},"end":{"line":9,"column":24}},{"start":{"line":9,"column":28},"end":{"line":9,"column":32}}],"line":9}},"s":{"0":3,"1":3,"2":3,"3":3},"f":{},"b":{"0":[3,3]},"_coverageSchema":"1a1c01bbd47fc00a2c39e90264f33305004495a9","hash":"f7b80dba4b007b855582765b5e6c2e9f83287b18"}
,"/home/dina/projects/spotifyradio/server/controller.js": {"path":"/home/dina/projects/spotifyradio/server/controller.js","statementMap":{"0":{"start":{"line":5,"column":4},"end":{"line":5,"column":32}},"1":{"start":{"line":9,"column":4},"end":{"line":9,"column":47}}},"fnMap":{"0":{"name":"(anonymous_0)","decl":{"start":{"line":4,"column":2},"end":{"line":4,"column":3}},"loc":{"start":{"line":4,"column":16},"end":{"line":6,"column":3}},"line":4},"1":{"name":"(anonymous_1)","decl":{"start":{"line":8,"column":2},"end":{"line":8,"column":3}},"loc":{"start":{"line":8,"column":32},"end":{"line":10,"column":3}},"line":8}},"branchMap":{},"s":{"0":2,"1":1},"f":{"0":2,"1":1},"b":{},"_coverageSchema":"1a1c01bbd47fc00a2c39e90264f33305004495a9","hash":"e604c44049c72fd745d7b1d419056d990a788ec5"}
,"/home/dina/projects/spotifyradio/server/routes.js": {"path":"/home/dina/projects/spotifyradio/server/routes.js","statementMap":{"0":{"start":{"line":14,"column":4},"end":{"line":14,"column":10}},"1":{"start":{"line":16,"column":19},"end":{"line":16,"column":35}},"2":{"start":{"line":19,"column":26},"end":{"line":19,"column":33}},"3":{"start":{"line":21,"column":2},"end":{"line":27,"column":3}},"4":{"start":{"line":22,"column":4},"end":{"line":24,"column":6}},"5":{"start":{"line":26,"column":4},"end":{"line":26,"column":25}},"6":{"start":{"line":29,"column":2},"end":{"line":35,"column":3}},"7":{"start":{"line":32,"column":8},"end":{"line":32,"column":48}},"8":{"start":{"line":34,"column":4},"end":{"line":34,"column":32}},"9":{"start":{"line":37,"column":2},"end":{"line":43,"column":3}},"10":{"start":{"line":40,"column":8},"end":{"line":40,"column":54}},"11":{"start":{"line":42,"column":4},"end":{"line":42,"column":32}},"12":{"start":{"line":46,"column":2},"end":{"line":60,"column":3}},"13":{"start":{"line":50,"column":8},"end":{"line":50,"column":43}},"14":{"start":{"line":52,"column":24},"end":{"line":52,"column":42}},"15":{"start":{"line":53,"column":4},"end":{"line":57,"column":5}},"16":{"start":{"line":54,"column":6},"end":{"line":56,"column":8}},"17":{"start":{"line":59,"column":4},"end":{"line":59,"column":33}},"18":{"start":{"line":62,"column":2},"end":{"line":62,"column":25}},"19":{"start":{"line":63,"column":2},"end":{"line":63,"column":23}},"20":{"start":{"line":67,"column":2},"end":{"line":71,"column":3}},"21":{"start":{"line":68,"column":4},"end":{"line":68,"column":49}},"22":{"start":{"line":69,"column":4},"end":{"line":69,"column":27}},"23":{"start":{"line":70,"column":4},"end":{"line":70,"column":25}},"24":{"start":{"line":73,"column":2},"end":{"line":73,"column":52}},"25":{"start":{"line":74,"column":2},"end":{"line":74,"column":25}},"26":{"start":{"line":75,"column":2},"end":{"line":75,"column":23}},"27":{"start":{"line":80,"column":2},"end":{"line":81,"column":49}},"28":{"start":{"line":81,"column":20},"end":{"line":81,"column":48}}},"fnMap":{"0":{"name":"routes","decl":{"start":{"line":18,"column":15},"end":{"line":18,"column":21}},"loc":{"start":{"line":18,"column":41},"end":{"line":64,"column":1}},"line":18},"1":{"name":"handleError","decl":{"start":{"line":66,"column":9},"end":{"line":66,"column":20}},"loc":{"start":{"line":66,"column":38},"end":{"line":76,"column":1}},"line":66},"2":{"name":"handler","decl":{"start":{"line":78,"column":16},"end":{"line":78,"column":23}},"loc":{"start":{"line":78,"column":43},"end":{"line":82,"column":1}},"line":78},"3":{"name":"(anonymous_3)","decl":{"start":{"line":81,"column":11},"end":{"line":81,"column":12}},"loc":{"start":{"line":81,"column":20},"end":{"line":81,"column":48}},"line":81}},"branchMap":{"0":{"loc":{"start":{"line":21,"column":2},"end":{"line":27,"column":3}},"type":"if","locations":[{"start":{"line":21,"column":2},"end":{"line":27,"column":3}},{"start":{},"end":{}}],"line":21},"1":{"loc":{"start":{"line":21,"column":6},"end":{"line":21,"column":37}},"type":"binary-expr","locations":[{"start":{"line":21,"column":6},"end":{"line":21,"column":22}},{"start":{"line":21,"column":26},"end":{"line":21,"column":37}}],"line":21},"2":{"loc":{"start":{"line":29,"column":2},"end":{"line":35,"column":3}},"type":"if","locations":[{"start":{"line":29,"column":2},"end":{"line":35,"column":3}},{"start":{},"end":{}}],"line":29},"3":{"loc":{"start":{"line":29,"column":6},"end":{"line":29,"column":41}},"type":"binary-expr","locations":[{"start":{"line":29,"column":6},"end":{"line":29,"column":22}},{"start":{"line":29,"column":26},"end":{"line":29,"column":41}}],"line":29},"4":{"loc":{"start":{"line":37,"column":2},"end":{"line":43,"column":3}},"type":"if","locations":[{"start":{"line":37,"column":2},"end":{"line":43,"column":3}},{"start":{},"end":{}}],"line":37},"5":{"loc":{"start":{"line":37,"column":6},"end":{"line":37,"column":47}},"type":"binary-expr","locations":[{"start":{"line":37,"column":6},"end":{"line":37,"column":22}},{"start":{"line":37,"column":26},"end":{"line":37,"column":47}}],"line":37},"6":{"loc":{"start":{"line":46,"column":2},"end":{"line":60,"column":3}},"type":"if","locations":[{"start":{"line":46,"column":2},"end":{"line":60,"column":3}},{"start":{},"end":{}}],"line":46},"7":{"loc":{"start":{"line":53,"column":4},"end":{"line":57,"column":5}},"type":"if","locations":[{"start":{"line":53,"column":4},"end":{"line":57,"column":5}},{"start":{},"end":{}}],"line":53},"8":{"loc":{"start":{"line":67,"column":2},"end":{"line":71,"column":3}},"type":"if","locations":[{"start":{"line":67,"column":2},"end":{"line":71,"column":3}},{"start":{},"end":{}}],"line":67}},"s":{"0":1,"1":1,"2":8,"3":8,"4":1,"5":1,"6":7,"7":1,"8":1,"9":6,"10":1,"11":1,"12":5,"13":4,"14":2,"15":2,"16":1,"17":2,"18":1,"19":1,"20":2,"21":1,"22":1,"23":1,"24":1,"25":1,"26":1,"27":8,"28":2},"f":{"0":8,"1":2,"2":8,"3":2},"b":{"0":[1,7],"1":[8,7],"2":[1,6],"3":[7,6],"4":[1,5],"5":[6,5],"6":[4,1],"7":[1,1],"8":[1,1]},"_coverageSchema":"1a1c01bbd47fc00a2c39e90264f33305004495a9","hash":"559c7335ec82be32a839f7f4e2f34cc1c3129527"}
,"/home/dina/projects/spotifyradio/server/service.js": {"path":"/home/dina/projects/spotifyradio/server/service.js","statementMap":{"0":{"start":{"line":10,"column":4},"end":{"line":10,"column":10}},"1":{"start":{"line":14,"column":4},"end":{"line":14,"column":40}},"2":{"start":{"line":18,"column":25},"end":{"line":18,"column":52}},"3":{"start":{"line":19,"column":4},"end":{"line":19,"column":41}},"4":{"start":{"line":20,"column":21},"end":{"line":20,"column":42}},"5":{"start":{"line":22,"column":4},"end":{"line":25,"column":5}},"6":{"start":{"line":31,"column":8},"end":{"line":31,"column":36}},"7":{"start":{"line":33,"column":4},"end":{"line":36,"column":5}}},"fnMap":{"0":{"name":"(anonymous_0)","decl":{"start":{"line":13,"column":2},"end":{"line":13,"column":3}},"loc":{"start":{"line":13,"column":29},"end":{"line":15,"column":3}},"line":13},"1":{"name":"(anonymous_1)","decl":{"start":{"line":17,"column":2},"end":{"line":17,"column":3}},"loc":{"start":{"line":17,"column":26},"end":{"line":26,"column":3}},"line":17},"2":{"name":"(anonymous_2)","decl":{"start":{"line":28,"column":2},"end":{"line":28,"column":3}},"loc":{"start":{"line":28,"column":28},"end":{"line":37,"column":3}},"line":28}},"branchMap":{},"s":{"0":3,"1":2,"2":2,"3":2,"4":2,"5":2,"6":1,"7":1},"f":{"0":2,"1":2,"2":1},"b":{},"_coverageSchema":"1a1c01bbd47fc00a2c39e90264f33305004495a9","hash":"04f113aacd96471c92fd0a83a61a9bd4e2dbcf84"}
,"/home/dina/projects/spotifyradio/server/util.js": {"path":"/home/dina/projects/spotifyradio/server/util.js","statementMap":{"0":{"start":{"line":3,"column":12},"end":{"line":11,"column":2}},"1":{"start":{"line":13,"column":22},"end":{"line":13,"column":25}}},"fnMap":{},"branchMap":{},"s":{"0":1,"1":1},"f":{},"b":{},"_coverageSchema":"1a1c01bbd47fc00a2c39e90264f33305004495a9","hash":"a13d13fb462ae34b8320ff660486edade09eb824"}
,"/home/dina/projects/spotifyradio/tests/unit/_util/testUtil.js": {"path":"/home/dina/projects/spotifyradio/tests/unit/_util/testUtil.js","statementMap":{"0":{"start":{"line":6,"column":4},"end":{"line":14,"column":6}},"1":{"start":{"line":8,"column":8},"end":{"line":10,"column":9}},"2":{"start":{"line":9,"column":10},"end":{"line":9,"column":25}},"3":{"start":{"line":12,"column":8},"end":{"line":12,"column":23}},"4":{"start":{"line":18,"column":4},"end":{"line":24,"column":6}},"5":{"start":{"line":20,"column":8},"end":{"line":20,"column":21}},"6":{"start":{"line":22,"column":8},"end":{"line":22,"column":23}},"7":{"start":{"line":28,"column":26},"end":{"line":28,"column":67}},"8":{"start":{"line":29,"column":21},"end":{"line":29,"column":63}},"9":{"start":{"line":31,"column":17},"end":{"line":41,"column":5}},"10":{"start":{"line":43,"column":4},"end":{"line":46,"column":5}},"11":{"start":{"line":44,"column":20},"end":{"line":44,"column":39}}},"fnMap":{"0":{"name":"(anonymous_0)","decl":{"start":{"line":5,"column":2},"end":{"line":5,"column":3}},"loc":{"start":{"line":5,"column":38},"end":{"line":15,"column":3}},"line":5},"1":{"name":"(anonymous_1)","decl":{"start":{"line":7,"column":6},"end":{"line":7,"column":7}},"loc":{"start":{"line":7,"column":13},"end":{"line":13,"column":7}},"line":7},"2":{"name":"(anonymous_2)","decl":{"start":{"line":17,"column":2},"end":{"line":17,"column":3}},"loc":{"start":{"line":17,"column":40},"end":{"line":25,"column":3}},"line":17},"3":{"name":"(anonymous_3)","decl":{"start":{"line":19,"column":6},"end":{"line":19,"column":7}},"loc":{"start":{"line":19,"column":28},"end":{"line":23,"column":7}},"line":19},"4":{"name":"(anonymous_4)","decl":{"start":{"line":27,"column":2},"end":{"line":27,"column":3}},"loc":{"start":{"line":27,"column":31},"end":{"line":47,"column":3}},"line":27},"5":{"name":"(anonymous_5)","decl":{"start":{"line":29,"column":53},"end":{"line":29,"column":54}},"loc":{"start":{"line":29,"column":59},"end":{"line":29,"column":62}},"line":29},"6":{"name":"(anonymous_6)","decl":{"start":{"line":44,"column":14},"end":{"line":44,"column":15}},"loc":{"start":{"line":44,"column":20},"end":{"line":44,"column":39}},"line":44}},"branchMap":{},"s":{"0":15,"1":0,"2":0,"3":0,"4":8,"5":0,"6":0,"7":8,"8":8,"9":8,"10":8,"11":8},"f":{"0":15,"1":0,"2":8,"3":0,"4":8,"5":0,"6":8},"b":{},"inputSourceMap":null,"_coverageSchema":"1a1c01bbd47fc00a2c39e90264f33305004495a9","hash":"157f167757515478b8e7627fc6c7901aabf78604"}
}
